--- fp32 n=256 ---
device: Intel(R) Data Center GPU Max 1550
RESULT,fp32,256,5,2,1.441540e-04,232.768,3.052e-05
--- xmx_bf16_fp32 n=256 ---
device: Intel(R) Data Center GPU Max 1550
RESULT,xmx_bf16_fp32,256,5,2,2.556480e-05,1312.525,1.044e-01
--- fp32 n=512 ---
device: Intel(R) Data Center GPU Max 1550
RESULT,fp32,512,5,2,5.646768e-04,475.379,4.578e-05
--- xmx_bf16_fp32 n=512 ---
device: Intel(R) Data Center GPU Max 1550
RESULT,xmx_bf16_fp32,512,5,2,8.997440e-05,2983.465,2.045e-01
--- fp32 n=1024 ---
device: Intel(R) Data Center GPU Max 1550
RESULT,fp32,1024,5,2,5.023123e-03,427.520,2.289e-04
--- xmx_bf16_fp32 n=1024 ---
device: Intel(R) Data Center GPU Max 1550
RESULT,xmx_bf16_fp32,1024,5,2,3.755478e-04,5718.270,4.059e-01
--- fp32 n=2048 ---
device: Intel(R) Data Center GPU Max 1550
RESULT,fp32,2048,5,2,5.751337e-02,298.711,1.129e-03
--- xmx_bf16_fp32 n=2048 ---
device: Intel(R) Data Center GPU Max 1550
RESULT,xmx_bf16_fp32,2048,5,2,5.091963e-03,3373.919,8.045e-01
--- fp32 n=4096 ---
device: Intel(R) Data Center GPU Max 1550
RESULT,fp32,4096,5,2,4.791084e-01,286.864,4.883e-04
--- xmx_bf16_fp32 n=4096 ---
device: Intel(R) Data Center GPU Max 1550
RESULT,xmx_bf16_fp32,4096,5,2,5.041934e-02,2725.918,1.606e+00
